<?xml version="1.0" encoding="UTF-8"?>
<testng-results skipped="0" failed="0" total="1" passed="1">
  <reporter-output>
  </reporter-output>
  <suite name="Default suite" duration-ms="289630" started-at="2017-02-10T05:03:16Z" finished-at="2017-02-10T05:08:06Z">
    <groups>
    </groups>
    <test name="Default test" duration-ms="289630" started-at="2017-02-10T05:03:16Z" finished-at="2017-02-10T05:08:06Z">
      <class name="net.apmoller.crb.portal.executionEngine.TestRunner">
        <test-method status="PASS" signature="regressionSuite()[pri:0, instance:net.apmoller.crb.portal.executionEngine.TestRunner@14a2f921]" name="regressionSuite" duration-ms="289622" started-at="2017-02-10T10:33:16Z" finished-at="2017-02-10T10:38:06Z">
          <reporter-output>
          </reporter-output>
        </test-method> <!-- regressionSuite -->
      </class> <!-- net.apmoller.crb.portal.executionEngine.TestRunner -->
    </test> <!-- Default test -->
  </suite> <!-- Default suite -->
</testng-results>
